Build started 2015-01-24 04:13:09.
     1>Project "C:\Users\LinusG\Documents\Visual Studio 2013\Projects\ML_Client\ML_Client\ML_Client.vcxproj" on node 2 (Rebuild target(s)).
     1>ClCompile:
         B:\Programs\Microsoft Visual Studio 12.0\VC\bin\CL.exe /c /I"C:\Users\LinusG\Documents\Visual Studio 2013\Projects\ML_Client\ML_Client\json" /I"B:\Development\C++\poco-1.6.0\Foundation\include" /Zi /nologo /W3 /WX- /sdl /O2 /Oi /Oy- /GL /D WIN32 /D NDEBUG /D _WINDOWS /D _USRDLL /D ML_CLIENT_EXPORTS /D _WINDLL /D _UNICODE /D UNICODE /Gm- /EHsc /MT /GS /Gy /fp:precise /Zc:wchar_t /Zc:forScope /Yc"stdafx.h" /Fp"Release\ML_Client.pch" /Fo"Release\\" /Fd"Release\vc120.pdb" /Gd /TP /analyze- /errorReport:prompt stdafx.cpp
         stdafx.cpp
         B:\Programs\Microsoft Visual Studio 12.0\VC\bin\CL.exe /c /I"C:\Users\LinusG\Documents\Visual Studio 2013\Projects\ML_Client\ML_Client\json" /I"B:\Development\C++\poco-1.6.0\Foundation\include" /Zi /nologo /W3 /WX- /sdl /O2 /Oi /Oy- /GL /D WIN32 /D NDEBUG /D _WINDOWS /D _USRDLL /D ML_CLIENT_EXPORTS /D _WINDLL /D _UNICODE /D UNICODE /Gm- /EHsc /MT /GS /Gy /fp:precise /Zc:wchar_t /Zc:forScope /Fo"Release\\" /Fd"Release\vc120.pdb" /Gd /TP /analyze- /errorReport:prompt dllmain.cpp
         dllmain.cpp
         B:\Programs\Microsoft Visual Studio 12.0\VC\bin\CL.exe /c /I"C:\Users\LinusG\Documents\Visual Studio 2013\Projects\ML_Client\ML_Client\json" /I"B:\Development\C++\poco-1.6.0\Foundation\include" /Zi /nologo /W3 /WX- /sdl /O2 /Oi /Oy- /GL /D WIN32 /D NDEBUG /D _WINDOWS /D _USRDLL /D ML_CLIENT_EXPORTS /D _WINDLL /D _UNICODE /D UNICODE /Gm- /EHsc /MT /GS /Gy /fp:precise /Zc:wchar_t /Zc:forScope /Yu"stdafx.h" /Fp"Release\ML_Client.pch" /Fo"Release\\" /Fd"Release\vc120.pdb" /Gd /TP /analyze- /errorReport:prompt jsoncpp.cpp ML_Client.cpp
         jsoncpp.cpp
         ML_Client.cpp
         B:\Programs\Microsoft Visual Studio 12.0\VC\bin\CL.exe /c /I"C:\Users\LinusG\Documents\Visual Studio 2013\Projects\ML_Client\ML_Client\json" /I"B:\Development\C++\poco-1.6.0\Foundation\include" /Zi /nologo /W3 /WX- /sdl /O2 /Oi /Oy- /GL /D WIN32 /D NDEBUG /D _WINDOWS /D _USRDLL /D ML_CLIENT_EXPORTS /D _WINDLL /D _UNICODE /D UNICODE /Gm- /EHsc /MT /GS /Gy /fp:precise /Zc:wchar_t /Zc:forScope /Fo"Release\\" /Fd"Release\vc120.pdb" /Gd /TP /analyze- /errorReport:prompt ML_Functions.cpp
         ML_Functions.cpp
     1>ML_Functions.cpp(22): warning C4129: '^' : unrecognized character escape sequence
     1>ML_Functions.cpp(22): warning C4129: '$' : unrecognized character escape sequence
       Link:
         B:\Programs\Microsoft Visual Studio 12.0\VC\bin\link.exe /ERRORREPORT:PROMPT /OUT:"C:\Users\LinusG\Documents\Visual Studio 2013\Projects\ML_Client\Release\ML_Client.dll" /INCREMENTAL:NO /NOLOGO /LIBPATH:"B:\Development\C++\poco-1.6.0\lib" PocoFoundation.lib kernel32.lib user32.lib gdi32.lib winspool.lib comdlg32.lib advapi32.lib shell32.lib ole32.lib oleaut32.lib uuid.lib odbc32.lib odbccp32.lib /MANIFEST /MANIFESTUAC:"level='asInvoker' uiAccess='false'" /manifest:embed /DEBUG /PDB:"C:\Users\LinusG\Documents\Visual Studio 2013\Projects\ML_Client\Release\ML_Client.pdb" /SUBSYSTEM:WINDOWS /OPT:REF /OPT:ICF /LTCG /TLBID:1 /DYNAMICBASE /NXCOMPAT /IMPLIB:"C:\Users\LinusG\Documents\Visual Studio 2013\Projects\ML_Client\Release\ML_Client.lib" /MACHINE:X86 /SAFESEH /DLL Release\dllmain.obj
         Release\jsoncpp.obj
         Release\ML_Client.obj
         Release\ML_Functions.obj
         Release\stdafx.obj
            Creating library C:\Users\LinusG\Documents\Visual Studio 2013\Projects\ML_Client\Release\ML_Client.lib and object C:\Users\LinusG\Documents\Visual Studio 2013\Projects\ML_Client\Release\ML_Client.exp
         Generating code
         Finished generating code
         ML_Client.vcxproj -> C:\Users\LinusG\Documents\Visual Studio 2013\Projects\ML_Client\Release\ML_Client.dll
     1>Done Building Project "C:\Users\LinusG\Documents\Visual Studio 2013\Projects\ML_Client\ML_Client\ML_Client.vcxproj" (Rebuild target(s)).

Build succeeded.

Time Elapsed 00:00:03.52
